<?xml version="1.0" encoding="UTF-8"?>
<testng-results skipped="0" failed="0" total="1" passed="1">
  <reporter-output>
  </reporter-output>
  <suite name="Suite1" duration-ms="73369" started-at="2017-11-22T18:32:29Z" finished-at="2017-11-22T18:33:42Z">
    <groups>
    </groups>
    <test name="Regression1" duration-ms="73369" started-at="2017-11-22T18:32:29Z" finished-at="2017-11-22T18:33:42Z">
      <class name="yandex">
        <test-method status="PASS" signature="setUp()[pri:0, instance:yandex@43aaf813]" name="setUp" is-config="true" duration-ms="9645" started-at="2017-11-22T21:32:29Z" finished-at="2017-11-22T21:32:39Z">
          <reporter-output>
          </reporter-output>
        </test-method> <!-- setUp -->
        <test-method status="PASS" signature="yandexMarket()[pri:0, instance:yandex@43aaf813]" name="yandexMarket" duration-ms="62883" started-at="2017-11-22T21:32:39Z" finished-at="2017-11-22T21:33:41Z">
          <reporter-output>
          </reporter-output>
        </test-method> <!-- yandexMarket -->
        <test-method status="PASS" signature="tearDown()[pri:0, instance:yandex@43aaf813]" name="tearDown" is-config="true" duration-ms="702" started-at="2017-11-22T21:33:41Z" finished-at="2017-11-22T21:33:42Z">
          <reporter-output>
          </reporter-output>
        </test-method> <!-- tearDown -->
      </class> <!-- yandex -->
    </test> <!-- Regression1 -->
  </suite> <!-- Suite1 -->
</testng-results>
