<?xml version="1.0" encoding="UTF-8"?>
<testng-results skipped="0" failed="0" total="1" passed="1">
  <reporter-output>
  </reporter-output>
  <suite name="Suite1" duration-ms="105771" started-at="2017-11-23T04:52:02Z" finished-at="2017-11-23T04:53:48Z">
    <groups>
    </groups>
    <test name="Regression1" duration-ms="105771" started-at="2017-11-23T04:52:02Z" finished-at="2017-11-23T04:53:48Z">
      <class name="ieYandex">
        <test-method status="PASS" signature="setUp()[pri:0, instance:ieYandex@57ac5227]" name="setUp" is-config="true" duration-ms="9006" started-at="2017-11-23T07:52:02Z" finished-at="2017-11-23T07:52:11Z">
          <reporter-output>
          </reporter-output>
        </test-method> <!-- setUp -->
        <test-method status="PASS" signature="ieYandexMarket()[pri:0, instance:ieYandex@57ac5227]" name="ieYandexMarket" duration-ms="96085" started-at="2017-11-23T07:52:11Z" finished-at="2017-11-23T07:53:47Z">
          <reporter-output>
          </reporter-output>
        </test-method> <!-- ieYandexMarket -->
        <test-method status="PASS" signature="tearDown()[pri:0, instance:ieYandex@57ac5227]" name="tearDown" is-config="true" duration-ms="560" started-at="2017-11-23T07:53:47Z" finished-at="2017-11-23T07:53:48Z">
          <reporter-output>
          </reporter-output>
        </test-method> <!-- tearDown -->
      </class> <!-- ieYandex -->
    </test> <!-- Regression1 -->
  </suite> <!-- Suite1 -->
</testng-results>
